<?xml version="1.0" encoding="UTF-8"?>
<testng-results ignored="0" total="2" passed="2" failed="0" skipped="0">
  <reporter-output>
  </reporter-output>
  <suite started-at="2019-12-23T23:36:14Z" name="Default suite" finished-at="2019-12-23T23:36:30Z" duration-ms="16003">
    <groups>
    </groups>
    <test started-at="2019-12-23T23:36:14Z" name="Default test" finished-at="2019-12-23T23:36:30Z" duration-ms="16003">
      <class name="docker.selenium.demo.Tests">
        <test-method signature="Test1()[pri:0, instance:docker.selenium.demo.Tests@2a5c8d3f]" started-at="2019-12-23T23:36:14Z" name="Test1" finished-at="2019-12-23T23:36:17Z" duration-ms="2875" status="PASS">
          <reporter-output>
          </reporter-output>
        </test-method> <!-- Test1 -->
        <test-method signature="Test2()[pri:0, instance:docker.selenium.demo.Tests@2a5c8d3f]" started-at="2019-12-23T23:36:17Z" name="Test2" finished-at="2019-12-23T23:36:30Z" duration-ms="13083" status="PASS">
          <reporter-output>
          </reporter-output>
        </test-method> <!-- Test2 -->
      </class> <!-- docker.selenium.demo.Tests -->
    </test> <!-- Default test -->
  </suite> <!-- Default suite -->
</testng-results>
